<?xml version="1.0" encoding="UTF-8"?>
<testsuite name="FunctionalTests.Testcases.RunCukesTest" time="0.216" tests="22" errors="2" skipped="9" failures="0">
  <properties>
[...]
</properties>
  <testcase name="When I go to &quot;http://dubai.dubizzle.com/&quot;" classname="| http://dubai.dubizzle.com/ | Marina | Price Lowest to Highest |" time="0.002"/>
  <testcase name="And I click on &apos;Apartment/Flat for Rent&apos; link" classname="| http://dubai.dubizzle.com/ | Marina | Price Lowest to Highest |" time="0"/>
  <testcase name="And I select sort by &quot;Price Lowest to Highest&quot;" classname="| http://dubai.dubizzle.com/ | Marina | Price Lowest to Highest |" time="0"/>
  <testcase name="And I select &apos;Neighborhoods&apos; as &quot;Marina&quot;" classname="| http://dubai.dubizzle.com/ | Marina | Price Lowest to Highest |" time="0.001"/>
  <testcase name="And I click on &apos;Advanced Option&apos; in search window" classname="| http://dubai.dubizzle.com/ | Marina | Price Lowest to Highest |" time="0"/>
  <testcase name="And I select minimum bathrooms as two" classname="| http://dubai.dubizzle.com/ | Marina | Price Lowest to Highest |" time="0.001"/>
  <testcase name="And I click on &apos;Search&apos; button" classname="| http://dubai.dubizzle.com/ | Marina | Price Lowest to Highest |" time="0.001"/>
  <testcase name="Then result page should display least expensive apartment in order which has at least two bathrooms" classname="| http://dubai.dubizzle.com/ | Marina | Price Lowest to Highest |" time="0.001"/>
  <testcase name="When I go to last item from result set" classname="| http://dubai.dubizzle.com/ | Marina | Price Lowest to Highest |" time="0"/>
  <testcase name="Then I verify it has two bathrooms" classname="| http://dubai.dubizzle.com/ | Marina | Price Lowest to Highest |" time="0"/>
  <testcase name="| http://dubai.dubizzle.com/ | Marina | Price Lowest to Highest |" classname="| http://dubai.dubizzle.com/ | Marina | Price Lowest to Highest |" time="0.189"/>
  <testcase name="When I go to &quot;http://dubai.dubizzle.com/&quot;" classname="| http://dubai.dubizzle.com/ | Dubai hills | Oldest to Newest |" time="0.01">
    <error message="Timed out awaiting response to command &quot;get&quot; after 32864 ms (WARNING: The server did not provide any stacktrace information)&#10;Command duration or timeout: 32.88 seconds&#10;Build info: version: &apos;2.37.0&apos;, revision: &apos;a7c61cbd68657e133ae96672cf995890bad2ee42&apos;, time: &apos;2013-10-18 09:51:02&apos;&#10;System info: host: &apos;pun-tawarea-m&apos;, ip: &apos;192.168.43.183&apos;, os.name: &apos;Mac OS X&apos;, os.arch: &apos;x86_64&apos;, os.version: &apos;10.9.5&apos;, java.version: &apos;1.7.0_25&apos;&#10;Session ID: null&#10;Driver info: org.openqa.selenium.safari.SafariDriver&#10;Capabilities [{platform=MAC, javascriptEnabled=true, cssSelectorsEnabled=true, secureSsl=true, browserName=safari, takesScreenshot=true, version=7.1}]" type="org.openqa.selenium.TimeoutException">org.openqa.selenium.TimeoutException: Timed out awaiting response to command "get" after 32864 ms (WARNING: The server did not provide any stacktrace information)
Command duration or timeout: 32.88 seconds
Build info: version: '2.37.0', revision: 'a7c61cbd68657e133ae96672cf995890bad2ee42', time: '2013-10-18 09:51:02'
System info: host: 'pun-tawarea-m', ip: '192.168.43.183', os.name: 'Mac OS X', os.arch: 'x86_64', os.version: '10.9.5', java.version: '1.7.0_25'
Session ID: null
Driver info: org.openqa.selenium.safari.SafariDriver
Capabilities [{platform=MAC, javascriptEnabled=true, cssSelectorsEnabled=true, secureSsl=true, browserName=safari, takesScreenshot=true, version=7.1}]
	at sun.reflect.NativeConstructorAccessorImpl.newInstance0(Native Method)
	at sun.reflect.NativeConstructorAccessorImpl.newInstance(NativeConstructorAccessorImpl.java:57)
	at sun.reflect.DelegatingConstructorAccessorImpl.newInstance(DelegatingConstructorAccessorImpl.java:45)
	at java.lang.reflect.Constructor.newInstance(Constructor.java:526)
	at org.openqa.selenium.remote.ErrorHandler.createThrowable(ErrorHandler.java:193)
	at org.openqa.selenium.remote.ErrorHandler.throwIfResponseFailed(ErrorHandler.java:145)
	at org.openqa.selenium.remote.RemoteWebDriver.execute(RemoteWebDriver.java:554)
	at org.openqa.selenium.remote.RemoteWebDriver.get(RemoteWebDriver.java:276)
	at FunctionalTests.Pages.HomePage.navigateTo(HomePage.java:48)
	at FunctionalTests.Testcases.StepDef.AppTest.I_go_to(AppTest.java:29)
	at ✽.When I go to "http://dubai.dubizzle.com/"(FunctionalTests/Testcases/Dubzzile.feature:6)
</error>
    <system-out>Executing on local system
Unable to execute on local. Please check the configuration Timed out awaiting response to command "deleteAllCookies" after 29996 ms (WARNING: The server did not provide any stacktrace information)
Command duration or timeout: 30.01 seconds
Build info: version: '2.37.0', revision: 'a7c61cbd68657e133ae96672cf995890bad2ee42', time: '2013-10-18 09:51:02'
System info: host: 'pun-tawarea-m', ip: '192.168.43.183', os.name: 'Mac OS X', os.arch: 'x86_64', os.version: '10.9.5', java.version: '1.7.0_25'
Session ID: null
Driver info: org.openqa.selenium.safari.SafariDriver
Capabilities [{platform=MAC, javascriptEnabled=true, cssSelectorsEnabled=true, secureSsl=true, browserName=safari, takesScreenshot=true, version=7.1}]
Navigating to http://dubai.dubizzle.com/
</system-out>
    <system-err>Nov 16, 2014 3:34:52 AM org.openqa.selenium.safari.SafariDriverServer start
INFO: Server started on port 11094
Nov 16, 2014 3:34:54 AM org.openqa.selenium.safari.SafariDriverChannelHandler$1 operationComplete
INFO: Connection opened
</system-err>
  </testcase>
  <testcase name="| http://dubai.dubizzle.com/ | Dubai hills | Oldest to Newest |" classname="| http://dubai.dubizzle.com/ | Dubai hills | Oldest to Newest |" time="0.011">
    <error message="Timed out awaiting response to command &quot;get&quot; after 32864 ms (WARNING: The server did not provide any stacktrace information)&#10;Command duration or timeout: 32.88 seconds&#10;Build info: version: &apos;2.37.0&apos;, revision: &apos;a7c61cbd68657e133ae96672cf995890bad2ee42&apos;, time: &apos;2013-10-18 09:51:02&apos;&#10;System info: host: &apos;pun-tawarea-m&apos;, ip: &apos;192.168.43.183&apos;, os.name: &apos;Mac OS X&apos;, os.arch: &apos;x86_64&apos;, os.version: &apos;10.9.5&apos;, java.version: &apos;1.7.0_25&apos;&#10;Session ID: null&#10;Driver info: org.openqa.selenium.safari.SafariDriver&#10;Capabilities [{platform=MAC, javascriptEnabled=true, cssSelectorsEnabled=true, secureSsl=true, browserName=safari, takesScreenshot=true, version=7.1}]" type="org.openqa.selenium.TimeoutException">org.openqa.selenium.TimeoutException: Timed out awaiting response to command "get" after 32864 ms (WARNING: The server did not provide any stacktrace information)
Command duration or timeout: 32.88 seconds
Build info: version: '2.37.0', revision: 'a7c61cbd68657e133ae96672cf995890bad2ee42', time: '2013-10-18 09:51:02'
System info: host: 'pun-tawarea-m', ip: '192.168.43.183', os.name: 'Mac OS X', os.arch: 'x86_64', os.version: '10.9.5', java.version: '1.7.0_25'
Session ID: null
Driver info: org.openqa.selenium.safari.SafariDriver
Capabilities [{platform=MAC, javascriptEnabled=true, cssSelectorsEnabled=true, secureSsl=true, browserName=safari, takesScreenshot=true, version=7.1}]
	at sun.reflect.NativeConstructorAccessorImpl.newInstance0(Native Method)
	at sun.reflect.NativeConstructorAccessorImpl.newInstance(NativeConstructorAccessorImpl.java:57)
	at sun.reflect.DelegatingConstructorAccessorImpl.newInstance(DelegatingConstructorAccessorImpl.java:45)
	at java.lang.reflect.Constructor.newInstance(Constructor.java:526)
	at org.openqa.selenium.remote.ErrorHandler.createThrowable(ErrorHandler.java:193)
	at org.openqa.selenium.remote.ErrorHandler.throwIfResponseFailed(ErrorHandler.java:145)
	at org.openqa.selenium.remote.RemoteWebDriver.execute(RemoteWebDriver.java:554)
	at org.openqa.selenium.remote.RemoteWebDriver.get(RemoteWebDriver.java:276)
	at FunctionalTests.Pages.HomePage.navigateTo(HomePage.java:48)
	at FunctionalTests.Testcases.StepDef.AppTest.I_go_to(AppTest.java:29)
	at ✽.When I go to "http://dubai.dubizzle.com/"(FunctionalTests/Testcases/Dubzzile.feature:6)
</error>
  </testcase>
  <testcase name="And I click on &apos;Apartment/Flat for Rent&apos; link" classname="| http://dubai.dubizzle.com/ | Dubai hills | Oldest to Newest |" time="0">
    <skipped/>
  </testcase>
  <testcase name="And I select sort by &quot;Oldest to Newest&quot;" classname="| http://dubai.dubizzle.com/ | Dubai hills | Oldest to Newest |" time="0">
    <skipped/>
  </testcase>
  <testcase name="And I select &apos;Neighborhoods&apos; as &quot;Dubai hills&quot;" classname="| http://dubai.dubizzle.com/ | Dubai hills | Oldest to Newest |" time="0">
    <skipped/>
  </testcase>
  <testcase name="And I click on &apos;Advanced Option&apos; in search window" classname="| http://dubai.dubizzle.com/ | Dubai hills | Oldest to Newest |" time="0">
    <skipped/>
  </testcase>
  <testcase name="And I select minimum bathrooms as two" classname="| http://dubai.dubizzle.com/ | Dubai hills | Oldest to Newest |" time="0">
    <skipped/>
  </testcase>
  <testcase name="And I click on &apos;Search&apos; button" classname="| http://dubai.dubizzle.com/ | Dubai hills | Oldest to Newest |" time="0">
    <skipped/>
  </testcase>
  <testcase name="Then result page should display least expensive apartment in order which has at least two bathrooms" classname="| http://dubai.dubizzle.com/ | Dubai hills | Oldest to Newest |" time="0">
    <skipped/>
  </testcase>
  <testcase name="When I go to last item from result set" classname="| http://dubai.dubizzle.com/ | Dubai hills | Oldest to Newest |" time="0">
    <skipped/>
  </testcase>
  <testcase name="Then I verify it has two bathrooms" classname="| http://dubai.dubizzle.com/ | Dubai hills | Oldest to Newest |" time="0">
    <skipped/>
  </testcase>
</testsuite>