<?xml version="1.0" encoding="UTF-8"?>
<testsuite name="FunctionalTests.Testcases.RunCukesTest" time="0.216" tests="22" errors="2" skipped="9" failures="0">
  <properties>
    <property name="java.runtime.name" value="Java(TM) SE Runtime Environment"/>
    <property name="cucumber.options" value="--tags @RegressionTests"/>
    <property name="sun.boot.library.path" value="/Library/Java/JavaVirtualMachines/jdk1.7.0_25.jdk/Contents/Home/jre/lib"/>
    <property name="java.vm.version" value="23.25-b01"/>
    <property name="gopherProxySet" value="false"/>
    <property name="java.vm.vendor" value="Oracle Corporation"/>
    <property name="java.vendor.url" value="http://java.oracle.com/"/>
    <property name="path.separator" value=":"/>
    <property name="guice.disable.misplaced.annotation.check" value="true"/>
    <property name="java.vm.name" value="Java HotSpot(TM) 64-Bit Server VM"/>
    <property name="file.encoding.pkg" value="sun.io"/>
    <property name="user.country" value="US"/>
    <property name="sun.java.launcher" value="SUN_STANDARD"/>
    <property name="sun.os.patch.level" value="unknown"/>
    <property name="java.vm.specification.name" value="Java Virtual Machine Specification"/>
    <property name="user.dir" value="/Users/tawarea/Appium/workspace/com.dubizzle"/>
    <property name="java.runtime.version" value="1.7.0_25-b15"/>
    <property name="java.awt.graphicsenv" value="sun.awt.CGraphicsEnvironment"/>
    <property name="java.endorsed.dirs" value="/Library/Java/JavaVirtualMachines/jdk1.7.0_25.jdk/Contents/Home/jre/lib/endorsed"/>
    <property name="os.arch" value="x86_64"/>
    <property name="java.io.tmpdir" value="/var/folders/qq/g1_tp5ts6n51pq162mztgx800000gp/T/"/>
    <property name="line.separator" value="&#10;"/>
    <property name="java.vm.specification.vendor" value="Oracle Corporation"/>
    <property name="os.name" value="Mac OS X"/>
    <property name="classworlds.conf" value="/Users/tawarea/Maven/apache-maven-3.2.3/bin/m2.conf"/>
    <property name="sun.jnu.encoding" value="UTF-8"/>
    <property name="java.library.path" value="/Users/tawarea/Library/Java/Extensions:/Library/Java/Extensions:/Network/Library/Java/Extensions:/System/Library/Java/Extensions:/usr/lib/java:."/>
    <property name="java.specification.name" value="Java Platform API Specification"/>
    <property name="java.class.version" value="51.0"/>
    <property name="sun.management.compiler" value="HotSpot 64-Bit Tiered Compilers"/>
    <property name="os.version" value="10.9.5"/>
    <property name="http.nonProxyHosts" value="local|*.local|169.254/16|*.169.254/16"/>
    <property name="user.home" value="/Users/tawarea"/>
    <property name="user.timezone" value="Asia/Kolkata"/>
    <property name="java.awt.printerjob" value="sun.lwawt.macosx.CPrinterJob"/>
    <property name="java.specification.version" value="1.7"/>
    <property name="file.encoding" value="UTF-8"/>
    <property name="user.name" value="tawarea"/>
    <property name="java.class.path" value="/Users/tawarea/Maven/apache-maven-3.2.3/boot/plexus-classworlds-2.5.1.jar"/>
    <property name="java.vm.specification.version" value="1.7"/>
    <property name="sun.arch.data.model" value="64"/>
    <property name="java.home" value="/Library/Java/JavaVirtualMachines/jdk1.7.0_25.jdk/Contents/Home/jre"/>
    <property name="sun.java.command" value="org.codehaus.plexus.classworlds.launcher.Launcher clean test -Denvironment=uat -Dcucumber.options=--tags @RegressionTests exec:java"/>
    <property name="java.specification.vendor" value="Oracle Corporation"/>
    <property name="user.language" value="en"/>
    <property name="awt.toolkit" value="sun.lwawt.macosx.LWCToolkit"/>
    <property name="java.vm.info" value="mixed mode"/>
    <property name="java.version" value="1.7.0_25"/>
    <property name="java.ext.dirs" value="/Users/tawarea/Library/Java/Extensions:/Library/Java/JavaVirtualMachines/jdk1.7.0_25.jdk/Contents/Home/jre/lib/ext:/Library/Java/Extensions:/Network/Library/Java/Extensions:/System/Library/Java/Extensions:/usr/lib/java"/>
    <property name="sun.boot.class.path" value="/Library/Java/JavaVirtualMachines/jdk1.7.0_25.jdk/Contents/Home/jre/lib/resources.jar:/Library/Java/JavaVirtualMachines/jdk1.7.0_25.jdk/Contents/Home/jre/lib/rt.jar:/Library/Java/JavaVirtualMachines/jdk1.7.0_25.jdk/Contents/Home/jre/lib/sunrsasign.jar:/Library/Java/JavaVirtualMachines/jdk1.7.0_25.jdk/Contents/Home/jre/lib/jsse.jar:/Library/Java/JavaVirtualMachines/jdk1.7.0_25.jdk/Contents/Home/jre/lib/jce.jar:/Library/Java/JavaVirtualMachines/jdk1.7.0_25.jdk/Contents/Home/jre/lib/charsets.jar:/Library/Java/JavaVirtualMachines/jdk1.7.0_25.jdk/Contents/Home/jre/lib/jfr.jar:/Library/Java/JavaVirtualMachines/jdk1.7.0_25.jdk/Contents/Home/jre/lib/JObjC.jar:/Library/Java/JavaVirtualMachines/jdk1.7.0_25.jdk/Contents/Home/jre/classes"/>
    <property name="java.vendor" value="Oracle Corporation"/>
    <property name="environment" value="uat"/>
    <property name="maven.home" value="/Users/tawarea/Maven/apache-maven-3.2.3"/>
    <property name="file.separator" value="/"/>
    <property name="java.vendor.url.bug" value="http://bugreport.sun.com/bugreport/"/>
    <property name="sun.cpu.endian" value="little"/>
    <property name="sun.io.unicode.encoding" value="UnicodeBig"/>
    <property name="socksNonProxyHosts" value="local|*.local|169.254/16|*.169.254/16"/>
    <property name="ftp.nonProxyHosts" value="local|*.local|169.254/16|*.169.254/16"/>
    <property name="sun.cpu.isalist" value=""/>
  </properties>
  <testcase name="When I go to &quot;http://dubai.dubizzle.com/&quot;" classname="| http://dubai.dubizzle.com/ | Marina | Price Lowest to Highest |" time="0.002"/>
  <testcase name="And I click on &apos;Apartment/Flat for Rent&apos; link" classname="| http://dubai.dubizzle.com/ | Marina | Price Lowest to Highest |" time="0"/>
  <testcase name="And I select sort by &quot;Price Lowest to Highest&quot;" classname="| http://dubai.dubizzle.com/ | Marina | Price Lowest to Highest |" time="0"/>
  <testcase name="And I select &apos;Neighborhoods&apos; as &quot;Marina&quot;" classname="| http://dubai.dubizzle.com/ | Marina | Price Lowest to Highest |" time="0.001"/>
  <testcase name="And I click on &apos;Advanced Option&apos; in search window" classname="| http://dubai.dubizzle.com/ | Marina | Price Lowest to Highest |" time="0"/>
  <testcase name="And I select minimum bathrooms as two" classname="| http://dubai.dubizzle.com/ | Marina | Price Lowest to Highest |" time="0.001"/>
  <testcase name="And I click on &apos;Search&apos; button" classname="| http://dubai.dubizzle.com/ | Marina | Price Lowest to Highest |" time="0.001"/>
  <testcase name="Then result page should display least expensive apartment in order which has at least two bathrooms" classname="| http://dubai.dubizzle.com/ | Marina | Price Lowest to Highest |" time="0.001"/>
  <testcase name="When I go to last item from result set" classname="| http://dubai.dubizzle.com/ | Marina | Price Lowest to Highest |" time="0"/>
  <testcase name="Then I verify it has two bathrooms" classname="| http://dubai.dubizzle.com/ | Marina | Price Lowest to Highest |" time="0"/>
  <testcase name="| http://dubai.dubizzle.com/ | Marina | Price Lowest to Highest |" classname="| http://dubai.dubizzle.com/ | Marina | Price Lowest to Highest |" time="0.189"/>
  <testcase name="When I go to &quot;http://dubai.dubizzle.com/&quot;" classname="| http://dubai.dubizzle.com/ | Dubai hills | Oldest to Newest |" time="0.01">
    <error message="Timed out awaiting response to command &quot;get&quot; after 32864 ms (WARNING: The server did not provide any stacktrace information)&#10;Command duration or timeout: 32.88 seconds&#10;Build info: version: &apos;2.37.0&apos;, revision: &apos;a7c61cbd68657e133ae96672cf995890bad2ee42&apos;, time: &apos;2013-10-18 09:51:02&apos;&#10;System info: host: &apos;pun-tawarea-m&apos;, ip: &apos;192.168.43.183&apos;, os.name: &apos;Mac OS X&apos;, os.arch: &apos;x86_64&apos;, os.version: &apos;10.9.5&apos;, java.version: &apos;1.7.0_25&apos;&#10;Session ID: null&#10;Driver info: org.openqa.selenium.safari.SafariDriver&#10;Capabilities [{platform=MAC, javascriptEnabled=true, cssSelectorsEnabled=true, secureSsl=true, browserName=safari, takesScreenshot=true, version=7.1}]" type="org.openqa.selenium.TimeoutException">org.openqa.selenium.TimeoutException: Timed out awaiting response to command "get" after 32864 ms (WARNING: The server did not provide any stacktrace information)
Command duration or timeout: 32.88 seconds
Build info: version: '2.37.0', revision: 'a7c61cbd68657e133ae96672cf995890bad2ee42', time: '2013-10-18 09:51:02'
System info: host: 'pun-tawarea-m', ip: '192.168.43.183', os.name: 'Mac OS X', os.arch: 'x86_64', os.version: '10.9.5', java.version: '1.7.0_25'
Session ID: null
Driver info: org.openqa.selenium.safari.SafariDriver
Capabilities [{platform=MAC, javascriptEnabled=true, cssSelectorsEnabled=true, secureSsl=true, browserName=safari, takesScreenshot=true, version=7.1}]
	at sun.reflect.NativeConstructorAccessorImpl.newInstance0(Native Method)
	at sun.reflect.NativeConstructorAccessorImpl.newInstance(NativeConstructorAccessorImpl.java:57)
	at sun.reflect.DelegatingConstructorAccessorImpl.newInstance(DelegatingConstructorAccessorImpl.java:45)
	at java.lang.reflect.Constructor.newInstance(Constructor.java:526)
	at org.openqa.selenium.remote.ErrorHandler.createThrowable(ErrorHandler.java:193)
	at org.openqa.selenium.remote.ErrorHandler.throwIfResponseFailed(ErrorHandler.java:145)
	at org.openqa.selenium.remote.RemoteWebDriver.execute(RemoteWebDriver.java:554)
	at org.openqa.selenium.remote.RemoteWebDriver.get(RemoteWebDriver.java:276)
	at FunctionalTests.Pages.HomePage.navigateTo(HomePage.java:48)
	at FunctionalTests.Testcases.StepDef.AppTest.I_go_to(AppTest.java:29)
	at ✽.When I go to "http://dubai.dubizzle.com/"(FunctionalTests/Testcases/Dubzzile.feature:6)
</error>
    <system-out>Executing on local system
Unable to execute on local. Please check the configuration Timed out awaiting response to command "deleteAllCookies" after 29996 ms (WARNING: The server did not provide any stacktrace information)
Command duration or timeout: 30.01 seconds
Build info: version: '2.37.0', revision: 'a7c61cbd68657e133ae96672cf995890bad2ee42', time: '2013-10-18 09:51:02'
System info: host: 'pun-tawarea-m', ip: '192.168.43.183', os.name: 'Mac OS X', os.arch: 'x86_64', os.version: '10.9.5', java.version: '1.7.0_25'
Session ID: null
Driver info: org.openqa.selenium.safari.SafariDriver
Capabilities [{platform=MAC, javascriptEnabled=true, cssSelectorsEnabled=true, secureSsl=true, browserName=safari, takesScreenshot=true, version=7.1}]
Navigating to http://dubai.dubizzle.com/
</system-out>
    <system-err>Nov 16, 2014 3:34:52 AM org.openqa.selenium.safari.SafariDriverServer start
INFO: Server started on port 11094
Nov 16, 2014 3:34:54 AM org.openqa.selenium.safari.SafariDriverChannelHandler$1 operationComplete
INFO: Connection opened
</system-err>
  </testcase>
  <testcase name="| http://dubai.dubizzle.com/ | Dubai hills | Oldest to Newest |" classname="| http://dubai.dubizzle.com/ | Dubai hills | Oldest to Newest |" time="0.011">
    <error message="Timed out awaiting response to command &quot;get&quot; after 32864 ms (WARNING: The server did not provide any stacktrace information)&#10;Command duration or timeout: 32.88 seconds&#10;Build info: version: &apos;2.37.0&apos;, revision: &apos;a7c61cbd68657e133ae96672cf995890bad2ee42&apos;, time: &apos;2013-10-18 09:51:02&apos;&#10;System info: host: &apos;pun-tawarea-m&apos;, ip: &apos;192.168.43.183&apos;, os.name: &apos;Mac OS X&apos;, os.arch: &apos;x86_64&apos;, os.version: &apos;10.9.5&apos;, java.version: &apos;1.7.0_25&apos;&#10;Session ID: null&#10;Driver info: org.openqa.selenium.safari.SafariDriver&#10;Capabilities [{platform=MAC, javascriptEnabled=true, cssSelectorsEnabled=true, secureSsl=true, browserName=safari, takesScreenshot=true, version=7.1}]" type="org.openqa.selenium.TimeoutException">org.openqa.selenium.TimeoutException: Timed out awaiting response to command "get" after 32864 ms (WARNING: The server did not provide any stacktrace information)
Command duration or timeout: 32.88 seconds
Build info: version: '2.37.0', revision: 'a7c61cbd68657e133ae96672cf995890bad2ee42', time: '2013-10-18 09:51:02'
System info: host: 'pun-tawarea-m', ip: '192.168.43.183', os.name: 'Mac OS X', os.arch: 'x86_64', os.version: '10.9.5', java.version: '1.7.0_25'
Session ID: null
Driver info: org.openqa.selenium.safari.SafariDriver
Capabilities [{platform=MAC, javascriptEnabled=true, cssSelectorsEnabled=true, secureSsl=true, browserName=safari, takesScreenshot=true, version=7.1}]
	at sun.reflect.NativeConstructorAccessorImpl.newInstance0(Native Method)
	at sun.reflect.NativeConstructorAccessorImpl.newInstance(NativeConstructorAccessorImpl.java:57)
	at sun.reflect.DelegatingConstructorAccessorImpl.newInstance(DelegatingConstructorAccessorImpl.java:45)
	at java.lang.reflect.Constructor.newInstance(Constructor.java:526)
	at org.openqa.selenium.remote.ErrorHandler.createThrowable(ErrorHandler.java:193)
	at org.openqa.selenium.remote.ErrorHandler.throwIfResponseFailed(ErrorHandler.java:145)
	at org.openqa.selenium.remote.RemoteWebDriver.execute(RemoteWebDriver.java:554)
	at org.openqa.selenium.remote.RemoteWebDriver.get(RemoteWebDriver.java:276)
	at FunctionalTests.Pages.HomePage.navigateTo(HomePage.java:48)
	at FunctionalTests.Testcases.StepDef.AppTest.I_go_to(AppTest.java:29)
	at ✽.When I go to "http://dubai.dubizzle.com/"(FunctionalTests/Testcases/Dubzzile.feature:6)
</error>
  </testcase>
  <testcase name="And I click on &apos;Apartment/Flat for Rent&apos; link" classname="| http://dubai.dubizzle.com/ | Dubai hills | Oldest to Newest |" time="0">
    <skipped/>
  </testcase>
  <testcase name="And I select sort by &quot;Oldest to Newest&quot;" classname="| http://dubai.dubizzle.com/ | Dubai hills | Oldest to Newest |" time="0">
    <skipped/>
  </testcase>
  <testcase name="And I select &apos;Neighborhoods&apos; as &quot;Dubai hills&quot;" classname="| http://dubai.dubizzle.com/ | Dubai hills | Oldest to Newest |" time="0">
    <skipped/>
  </testcase>
  <testcase name="And I click on &apos;Advanced Option&apos; in search window" classname="| http://dubai.dubizzle.com/ | Dubai hills | Oldest to Newest |" time="0">
    <skipped/>
  </testcase>
  <testcase name="And I select minimum bathrooms as two" classname="| http://dubai.dubizzle.com/ | Dubai hills | Oldest to Newest |" time="0">
    <skipped/>
  </testcase>
  <testcase name="And I click on &apos;Search&apos; button" classname="| http://dubai.dubizzle.com/ | Dubai hills | Oldest to Newest |" time="0">
    <skipped/>
  </testcase>
  <testcase name="Then result page should display least expensive apartment in order which has at least two bathrooms" classname="| http://dubai.dubizzle.com/ | Dubai hills | Oldest to Newest |" time="0">
    <skipped/>
  </testcase>
  <testcase name="When I go to last item from result set" classname="| http://dubai.dubizzle.com/ | Dubai hills | Oldest to Newest |" time="0">
    <skipped/>
  </testcase>
  <testcase name="Then I verify it has two bathrooms" classname="| http://dubai.dubizzle.com/ | Dubai hills | Oldest to Newest |" time="0">
    <skipped/>
  </testcase>
</testsuite>